<!DOCTYPE html PUBLIC "-//W3C//DTD XHTML 1.1//EN" "https://www.w3.org/TR/xhtml11/DTD/xhtml11.dtd">
<html xmlns="https://www.w3.org/1999/xhtml">
<head>
<meta http-equiv="content-type" content="text/html; charset=UTF-8"/>
<title>TestNG Report</title>
<style type="text/css">table {margin-bottom:10px;border-collapse:collapse;empty-cells:show}th,td {border:1px solid #009;padding:.25em .5em}th {vertical-align:bottom}td {vertical-align:top}table a {font-weight:bold}.stripe td {background-color: #E6EBF9}.num {text-align:right}.passedodd td {background-color: #3F3}.passedeven td {background-color: #0A0}.skippedodd td {background-color: #DDD}.skippedeven td {background-color: #CCC}.failedodd td,.attn {background-color: #F33}.failedeven td,.stripe .attn {background-color: #D00}.stacktrace {white-space:pre;font-family:monospace}.totop {font-size:85%;text-align:center;border-bottom:2px solid #000}.invisible {display:none}</style>
</head>
<body>
<table>
<tr><th>Test</th><th># Passed</th><th># Skipped</th><th># Retried</th><th># Failed</th><th>Time (ms)</th><th>Included Groups</th><th>Excluded Groups</th></tr>
<tr><th colspan="8">class26_TestNG</th></tr>
<tr><td><a href="#t0">class26_TestNG_Verification_Test</a></td><td class="num">10</td><td class="num attn">3</td><td class="num">0</td><td class="num attn">7</td><td class="num">82,459</td><td></td><td></td></tr>
</table>
<table id='summary'><thead><tr><th>Class</th><th>Method</th><th>Start</th><th>Time (ms)</th></tr></thead><tbody><tr><th colspan="4">class26_TestNG</th></tr></tbody><tbody id="t0"><tr><th colspan="4">class26_TestNG_Verification_Test &#8212; failed</th></tr><tr class="failedeven"><td rowspan="4">tests_michroTech_DataProvider.HomePageVerification</td><td><a href="#m0">homePageVerify2</a></td><td rowspan="1">1703221043869</td><td rowspan="1">159</td></tr><tr class="failedeven"><td><a href="#m1">homePageVerify3</a></td><td rowspan="1">1703221047625</td><td rowspan="1">129</td></tr><tr class="failedeven"><td><a href="#m2">homePageVerify5</a></td><td rowspan="1">1703221058507</td><td rowspan="1">51</td></tr><tr class="failedeven"><td><a href="#m3">homePageVerify6</a></td><td rowspan="1">1703221058560</td><td rowspan="1">50</td></tr><tr class="failedodd"><td rowspan="1">tests_swagLab.HomePageVerification</td><td><a href="#m4">homePageVerification2</a></td><td rowspan="1">1703221046522</td><td rowspan="1">1101</td></tr><tr class="failedeven"><td rowspan="1">tests_swagLab.Test_Swag_Lab_Login</td><td><a href="#m5">test_Swag_Lab_Login</a></td><td rowspan="1">1703221009331</td><td rowspan="1">33417</td></tr><tr class="failedodd"><td rowspan="1">tests_swagLab.Test_Swag_Lab_Logout</td><td><a href="#m6">logoutpage2</a></td><td rowspan="1">1703221044030</td><td rowspan="1">2489</td></tr><tr><th colspan="4">class26_TestNG_Verification_Test &#8212; skipped</th></tr><tr class="skippedeven"><td rowspan="1">tests_michroTech_DataProvider.HomePageVerification</td><td><a href="#m7">homePageVerify4</a></td><td rowspan="1">1703221050390</td><td rowspan="1">44</td></tr><tr class="skippedodd"><td rowspan="1">tests_swagLab.HomePageVerification</td><td><a href="#m8">homePageVerification1</a></td><td rowspan="1">1703221042751</td><td rowspan="1">1117</td></tr><tr class="skippedeven"><td rowspan="1">tests_swagLab.Test_Swag_Lab_Logout</td><td><a href="#m9">logoutpage3</a></td><td rowspan="1">1703221050435</td><td rowspan="1">2413</td></tr><tr><th colspan="4">class26_TestNG_Verification_Test &#8212; passed</th></tr><tr class="passedeven"><td rowspan="1">tests_dataTables.Class2_DataTable</td><td><a href="#m10">class2_DataTable</a></td><td rowspan="1">1703220976197</td><td rowspan="1">5694</td></tr><tr class="passedodd"><td rowspan="1">tests_dataTables.HomePageVerification</td><td><a href="#m11">homePageVerification</a></td><td rowspan="1">1703220983558</td><td rowspan="1">6194</td></tr><tr class="passedeven"><td rowspan="1">tests_michroTech_DataProvider.HomePageVerification</td><td><a href="#m12">homePageVerify1</a></td><td rowspan="1">1703220989754</td><td rowspan="1">732</td></tr><tr class="passedodd"><td rowspan="1">tests_michroTech_DataProvider.Test_Create_Order</td><td><a href="#m13">test_Create_Order</a></td><td rowspan="1">1703220999610</td><td rowspan="1">9719</td></tr><tr class="passedeven"><td rowspan="1">tests_michroTech_DataProvider.Test_Customer_Login</td><td><a href="#m14">test_Customer_Login</a></td><td rowspan="1">1703221052852</td><td rowspan="1">5652</td></tr><tr class="passedodd"><td rowspan="1">tests_michroTech_DataProvider.Test_Employee_Login</td><td><a href="#m15">test_Employee_Login</a></td><td rowspan="1">1703221047756</td><td rowspan="1">2632</td></tr><tr class="passedeven"><td rowspan="1">tests_swagLab.HomePageVerification</td><td><a href="#m16">homePageVerification</a></td><td rowspan="1">1703220981896</td><td rowspan="1">1660</td></tr><tr class="passedodd"><td rowspan="1">tests_swagLab.Test_SwagLab_AddToCard</td><td><a href="#m17">test_AddToCard</a></td><td rowspan="1">1703220994079</td><td rowspan="1">5529</td></tr><tr class="passedeven"><td rowspan="1">tests_swagLab.Test_Swag_Lab_Logout</td><td><a href="#m18">logoutpage1</a></td><td rowspan="1">1703220990488</td><td rowspan="1">2521</td></tr><tr class="passedodd"><td rowspan="1">utils.ReadExcel</td><td><a href="#m19">read_excel_sheet</a></td><td rowspan="1">1703220993012</td><td rowspan="1">1066</td></tr></tbody>
</table>
<h2>class26_TestNG_Verification_Test</h2><h3 id="m0">tests_michroTech_DataProvider.HomePageVerification#homePageVerify2</h3><table class="result"><tr><th>Exception</th></tr><tr><td><div class="stacktrace">java.lang.AssertionError: ------homePageVerify2 Test is Fail will print---------------
	expected [Ayaat] but found [Rosy]
	at tests_michroTech_DataProvider.HomePageVerification.homePageVerify2(HomePageVerification.java:31)
	at java.base/java.util.ArrayList.forEach(ArrayList.java:1511)
	at java.base/java.util.concurrent.FutureTask.run(FutureTask.java:264)
	at java.base/java.util.concurrent.ThreadPoolExecutor.runWorker(ThreadPoolExecutor.java:1136)
	at java.base/java.util.concurrent.ThreadPoolExecutor$Worker.run(ThreadPoolExecutor.java:635)
	at java.base/java.lang.Thread.run(Thread.java:833)
... Removed 19 stack frames</div></td></tr></table><p class="totop"><a href="#summary">back to summary</a></p>
<h3 id="m1">tests_michroTech_DataProvider.HomePageVerification#homePageVerify3</h3><table class="result"><tr><th>Exception</th></tr><tr><td><div class="stacktrace">java.lang.AssertionError: -------------------Home Page3 Test Fail-----------------------
	at tests_michroTech_DataProvider.HomePageVerification.homePageVerify3(HomePageVerification.java:40)
	at java.base/java.util.ArrayList.forEach(ArrayList.java:1511)
	at java.base/java.util.concurrent.FutureTask.run(FutureTask.java:264)
	at java.base/java.util.concurrent.ThreadPoolExecutor.runWorker(ThreadPoolExecutor.java:1136)
	at java.base/java.util.concurrent.ThreadPoolExecutor$Worker.run(ThreadPoolExecutor.java:635)
	at java.base/java.lang.Thread.run(Thread.java:833)
... Removed 19 stack frames</div></td></tr></table><p class="totop"><a href="#summary">back to summary</a></p>
<h3 id="m2">tests_michroTech_DataProvider.HomePageVerification#homePageVerify5</h3><table class="result"><tr><th>Exception</th></tr><tr><td><div class="stacktrace">java.lang.AssertionError: ------------homePageVerify5 Soft Assertion Done-------------
	expected [Ayaat] but found [Rosy],
	---------This stmt will be executed bcoz of Soft Assertion---------- expected [true] but found [false]
	at tests_michroTech_DataProvider.HomePageVerification.homePageVerify5(HomePageVerification.java:59)
	at java.base/java.util.ArrayList.forEach(ArrayList.java:1511)
	at java.base/java.util.concurrent.FutureTask.run(FutureTask.java:264)
	at java.base/java.util.concurrent.ThreadPoolExecutor.runWorker(ThreadPoolExecutor.java:1136)
	at java.base/java.util.concurrent.ThreadPoolExecutor$Worker.run(ThreadPoolExecutor.java:635)
	at java.base/java.lang.Thread.run(Thread.java:833)
... Removed 19 stack frames</div></td></tr></table><p class="totop"><a href="#summary">back to summary</a></p>
<h3 id="m3">tests_michroTech_DataProvider.HomePageVerification#homePageVerify6</h3><table class="result"><tr><th>Exception</th></tr><tr><td><div class="stacktrace">java.lang.AssertionError: -------No further stmt will not be executed bcoz of Hard Assertion---- expected [true] but found [false]
	at tests_michroTech_DataProvider.HomePageVerification.homePageVerify6(HomePageVerification.java:67)
	at java.base/java.util.ArrayList.forEach(ArrayList.java:1511)
	at java.base/java.util.concurrent.FutureTask.run(FutureTask.java:264)
	at java.base/java.util.concurrent.ThreadPoolExecutor.runWorker(ThreadPoolExecutor.java:1136)
	at java.base/java.util.concurrent.ThreadPoolExecutor$Worker.run(ThreadPoolExecutor.java:635)
	at java.base/java.lang.Thread.run(Thread.java:833)
... Removed 21 stack frames</div></td></tr></table><p class="totop"><a href="#summary">back to summary</a></p>
<h3 id="m4">tests_swagLab.HomePageVerification#homePageVerification2</h3><table class="result"><tr><th>Exception</th></tr><tr><td><div class="stacktrace">java.lang.AssertionError: expected [Swag Labs] but found [Swag Labs1]
	at tests_swagLab.HomePageVerification.homePageVerification2(HomePageVerification.java:48)
	at java.base/java.util.ArrayList.forEach(ArrayList.java:1511)
	at java.base/java.util.concurrent.FutureTask.run(FutureTask.java:264)
	at java.base/java.util.concurrent.ThreadPoolExecutor.runWorker(ThreadPoolExecutor.java:1136)
	at java.base/java.util.concurrent.ThreadPoolExecutor$Worker.run(ThreadPoolExecutor.java:635)
	at java.base/java.lang.Thread.run(Thread.java:833)
... Removed 24 stack frames</div></td></tr></table><p class="totop"><a href="#summary">back to summary</a></p>
<h3 id="m5">tests_swagLab.Test_Swag_Lab_Login#test_Swag_Lab_Login</h3><table class="result"><tr><th>Exception</th></tr><tr><td><div class="stacktrace">com.microsoft.playwright.TimeoutError: Error {
  message=&apos;Timeout 30000ms exceeded.
=========================== logs ===========================
waiting for locator(&quot;xpath=//button[@id=&apos;add-to-cart-test.allthethings()-t-shirt-(red)&apos;]&quot;)
============================================================
  name=&apos;TimeoutError
  stack=&apos;TimeoutError: Timeout 30000ms exceeded.
=========================== logs ===========================
waiting for locator(&quot;xpath=//button[@id=&apos;add-to-cart-test.allthethings()-t-shirt-(red)&apos;]&quot;)
============================================================
    at ProgressController.run (C:\Users\mahfo\AppData\Local\Temp\playwright-java-8671509674293070329\package\lib\server\progress.js:88:26)
    at Frame.click (C:\Users\mahfo\AppData\Local\Temp\playwright-java-8671509674293070329\package\lib\server\frames.js:995:23)
    at FrameDispatcher.click (C:\Users\mahfo\AppData\Local\Temp\playwright-java-8671509674293070329\package\lib\server\dispatchers\frameDispatcher.js:154:30)
    at DispatcherConnection.dispatch (C:\Users\mahfo\AppData\Local\Temp\playwright-java-8671509674293070329\package\lib\server\dispatchers\dispatcher.js:346:46)
}
	at com.microsoft.playwright.impl.WaitableResult.get(WaitableResult.java:52)
	at com.microsoft.playwright.impl.ChannelOwner.runUntil(ChannelOwner.java:120)
	at com.microsoft.playwright.impl.Connection.sendMessage(Connection.java:126)
	at com.microsoft.playwright.impl.ChannelOwner.sendMessage(ChannelOwner.java:106)
	at com.microsoft.playwright.impl.FrameImpl.clickImpl(FrameImpl.java:252)
	at com.microsoft.playwright.impl.FrameImpl.lambda$click$8(FrameImpl.java:243)
	at com.microsoft.playwright.impl.LoggingSupport.lambda$withLogging$0(LoggingSupport.java:36)
	at com.microsoft.playwright.impl.LoggingSupport.withLogging(LoggingSupport.java:47)
	at com.microsoft.playwright.impl.ChannelOwner.withLogging(ChannelOwner.java:89)
	at com.microsoft.playwright.impl.LoggingSupport.withLogging(LoggingSupport.java:35)
	at com.microsoft.playwright.impl.FrameImpl.click(FrameImpl.java:243)
	at com.microsoft.playwright.impl.LocatorImpl.click(LocatorImpl.java:140)
	at com.microsoft.playwright.Locator.click(Locator.java:2348)
	at base.Base.click(Base.java:55)
	at tests_swagLab.Test_Swag_Lab_Login.test_Swag_Lab_Login(Test_Swag_Lab_Login.java:26)
	at java.base/java.util.ArrayList.forEach(ArrayList.java:1511)
	at java.base/java.util.concurrent.FutureTask.run(FutureTask.java:264)
	at java.base/java.util.concurrent.ThreadPoolExecutor.runWorker(ThreadPoolExecutor.java:1136)
	at java.base/java.util.concurrent.ThreadPoolExecutor$Worker.run(ThreadPoolExecutor.java:635)
	at java.base/java.lang.Thread.run(Thread.java:833)
Caused by: com.microsoft.playwright.TimeoutError: Error {
  message=&apos;Timeout 30000ms exceeded.
=========================== logs ===========================
waiting for locator(&quot;xpath=//button[@id=&apos;add-to-cart-test.allthethings()-t-shirt-(red)&apos;]&quot;)
============================================================
  name=&apos;TimeoutError
  stack=&apos;TimeoutError: Timeout 30000ms exceeded.
=========================== logs ===========================
waiting for locator(&quot;xpath=//button[@id=&apos;add-to-cart-test.allthethings()-t-shirt-(red)&apos;]&quot;)
============================================================
    at ProgressController.run (C:\Users\mahfo\AppData\Local\Temp\playwright-java-8671509674293070329\package\lib\server\progress.js:88:26)
    at Frame.click (C:\Users\mahfo\AppData\Local\Temp\playwright-java-8671509674293070329\package\lib\server\frames.js:995:23)
    at FrameDispatcher.click (C:\Users\mahfo\AppData\Local\Temp\playwright-java-8671509674293070329\package\lib\server\dispatchers\frameDispatcher.js:154:30)
    at DispatcherConnection.dispatch (C:\Users\mahfo\AppData\Local\Temp\playwright-java-8671509674293070329\package\lib\server\dispatchers\dispatcher.js:346:46)
}
	at com.microsoft.playwright.impl.Connection.dispatch(Connection.java:224)
	at com.microsoft.playwright.impl.Connection.processOneMessage(Connection.java:206)
	at com.microsoft.playwright.impl.ChannelOwner.runUntil(ChannelOwner.java:118)
	... 36 more
... Removed 18 stack frames</div></td></tr></table><p class="totop"><a href="#summary">back to summary</a></p>
<h3 id="m6">tests_swagLab.Test_Swag_Lab_Logout#logoutpage2</h3><table class="result"><tr><th>Exception</th></tr><tr><td><div class="stacktrace">java.lang.AssertionError: null
	at tests_swagLab.Test_Swag_Lab_Logout.logoutpage2(Test_Swag_Lab_Logout.java:62)
	at java.base/java.util.ArrayList.forEach(ArrayList.java:1511)
	at java.base/java.util.concurrent.FutureTask.run(FutureTask.java:264)
	at java.base/java.util.concurrent.ThreadPoolExecutor.runWorker(ThreadPoolExecutor.java:1136)
	at java.base/java.util.concurrent.ThreadPoolExecutor$Worker.run(ThreadPoolExecutor.java:635)
	at java.base/java.lang.Thread.run(Thread.java:833)
... Removed 20 stack frames</div></td></tr></table><p class="totop"><a href="#summary">back to summary</a></p>
<h3 id="m7">tests_michroTech_DataProvider.HomePageVerification#homePageVerify4</h3><table class="result"><tr><th>Exception</th></tr><tr><td><div class="stacktrace">org.testng.SkipException: --------Home Page4 Test Skip-------------
	at tests_michroTech_DataProvider.HomePageVerification.homePageVerify4(HomePageVerification.java:50)
	at java.base/java.util.ArrayList.forEach(ArrayList.java:1511)
	at java.base/java.util.concurrent.FutureTask.run(FutureTask.java:264)
	at java.base/java.util.concurrent.ThreadPoolExecutor.runWorker(ThreadPoolExecutor.java:1136)
	at java.base/java.util.concurrent.ThreadPoolExecutor$Worker.run(ThreadPoolExecutor.java:635)
	at java.base/java.lang.Thread.run(Thread.java:833)
... Removed 18 stack frames</div></td></tr></table><p class="totop"><a href="#summary">back to summary</a></p>
<h3 id="m8">tests_swagLab.HomePageVerification#homePageVerification1</h3><table class="result"><tr><th>Exception</th></tr><tr><td><div class="stacktrace">org.testng.SkipException: ---------------------The test will skip---------------
	at tests_swagLab.HomePageVerification.homePageVerification1(HomePageVerification.java:36)
	at java.base/java.util.ArrayList.forEach(ArrayList.java:1511)
	at java.base/java.util.concurrent.FutureTask.run(FutureTask.java:264)
	at java.base/java.util.concurrent.ThreadPoolExecutor.runWorker(ThreadPoolExecutor.java:1136)
	at java.base/java.util.concurrent.ThreadPoolExecutor$Worker.run(ThreadPoolExecutor.java:635)
	at java.base/java.lang.Thread.run(Thread.java:833)
... Removed 18 stack frames</div></td></tr></table><p class="totop"><a href="#summary">back to summary</a></p>
<h3 id="m9">tests_swagLab.Test_Swag_Lab_Logout#logoutpage3</h3><table class="result"><tr><th>Exception</th></tr><tr><td><div class="stacktrace">org.testng.SkipException: ----Log out Page3 test skip----------
	at tests_swagLab.Test_Swag_Lab_Logout.logoutpage3(Test_Swag_Lab_Logout.java:86)
	at java.base/java.util.ArrayList.forEach(ArrayList.java:1511)
	at java.base/java.util.concurrent.FutureTask.run(FutureTask.java:264)
	at java.base/java.util.concurrent.ThreadPoolExecutor.runWorker(ThreadPoolExecutor.java:1136)
	at java.base/java.util.concurrent.ThreadPoolExecutor$Worker.run(ThreadPoolExecutor.java:635)
	at java.base/java.lang.Thread.run(Thread.java:833)
... Removed 18 stack frames</div></td></tr></table><p class="totop"><a href="#summary">back to summary</a></p>
<h3 id="m10">tests_dataTables.Class2_DataTable#class2_DataTable</h3><table class="result"><tr><th class="invisible"/></tr></table><p class="totop"><a href="#summary">back to summary</a></p>
<h3 id="m11">tests_dataTables.HomePageVerification#homePageVerification</h3><table class="result"><tr><th class="invisible"/></tr></table><p class="totop"><a href="#summary">back to summary</a></p>
<h3 id="m12">tests_michroTech_DataProvider.HomePageVerification#homePageVerify1</h3><table class="result"><tr><th class="invisible"/></tr></table><p class="totop"><a href="#summary">back to summary</a></p>
<h3 id="m13">tests_michroTech_DataProvider.Test_Create_Order#test_Create_Order</h3><table class="result"><tr><th class="invisible"/></tr></table><p class="totop"><a href="#summary">back to summary</a></p>
<h3 id="m14">tests_michroTech_DataProvider.Test_Customer_Login#test_Customer_Login</h3><table class="result"><tr><th class="invisible"/></tr></table><p class="totop"><a href="#summary">back to summary</a></p>
<h3 id="m15">tests_michroTech_DataProvider.Test_Employee_Login#test_Employee_Login</h3><table class="result"><tr><th class="invisible"/></tr></table><p class="totop"><a href="#summary">back to summary</a></p>
<h3 id="m16">tests_swagLab.HomePageVerification#homePageVerification</h3><table class="result"><tr><th class="invisible"/></tr></table><p class="totop"><a href="#summary">back to summary</a></p>
<h3 id="m17">tests_swagLab.Test_SwagLab_AddToCard#test_AddToCard</h3><table class="result"><tr><th class="invisible"/></tr></table><p class="totop"><a href="#summary">back to summary</a></p>
<h3 id="m18">tests_swagLab.Test_Swag_Lab_Logout#logoutpage1</h3><table class="result"><tr><th class="invisible"/></tr></table><p class="totop"><a href="#summary">back to summary</a></p>
<h3 id="m19">utils.ReadExcel#read_excel_sheet</h3><table class="result"><tr><th class="invisible"/></tr></table><p class="totop"><a href="#summary">back to summary</a></p>
</body>
</html>
